[debug] [2026-04-02T15:04:14.112Z] ----------------------------------------------------------------------
[debug] [2026-04-02T15:04:14.115Z] Command:       C:\Program Files\nodejs\node.exe C:\Users\yuryz\AppData\Roaming\npm\node_modules\firebase-tools\lib\bin\firebase.js projects:create superbuilder-co-uk --display-name superbuilder.co.uk --non-interactive
[debug] [2026-04-02T15:04:14.116Z] CLI Version:   15.12.0
[debug] [2026-04-02T15:04:14.116Z] Platform:      win32
[debug] [2026-04-02T15:04:14.116Z] Node Version:  v23.8.0
[debug] [2026-04-02T15:04:14.116Z] Time:          Thu Apr 02 2026 16:04:14 GMT+0100 (British Summer Time)
[debug] [2026-04-02T15:04:14.116Z] ----------------------------------------------------------------------
[debug] 
[debug] [2026-04-02T15:04:14.125Z] > command requires scopes: ["email","openid","https://www.googleapis.com/auth/cloudplatformprojects.readonly","https://www.googleapis.com/auth/firebase","https://www.googleapis.com/auth/cloud-platform"]
[debug] [2026-04-02T15:04:16.166Z] Running auto auth
[debug] [2026-04-02T15:04:16.171Z] No OAuth tokens found
[debug] [2026-04-02T15:04:16.173Z] >>> [apiv2][query] POST https://cloudresourcemanager.googleapis.com/v1/projects [none]
[debug] [2026-04-02T15:04:16.173Z] >>> [apiv2][body] POST https://cloudresourcemanager.googleapis.com/v1/projects {"projectId":"superbuilder-co-uk","name":"superbuilder.co.uk"}
[debug] [2026-04-02T15:04:16.461Z] <<< [apiv2][status] POST https://cloudresourcemanager.googleapis.com/v1/projects 400
[debug] [2026-04-02T15:04:16.461Z] <<< [apiv2][body] POST https://cloudresourcemanager.googleapis.com/v1/projects {"error":{"code":400,"message":"field [display_name] has issue [project display name contains invalid characters]","status":"INVALID_ARGUMENT","details":[{"@type":"type.googleapis.com/google.rpc.BadRequest","fieldViolations":[{"field":"display_name","description":"project display name contains invalid characters"}]},{"@type":"type.googleapis.com/google.rpc.Help","links":[{"url":"https://cloud.google.com/resource-manager/reference/rest/v1/projects"}]}]}}
[debug] [2026-04-02T15:04:16.465Z] FirebaseError: Request to https://cloudresourcemanager.googleapis.com/v1/projects had HTTP Error: 400, field [display_name] has issue [project display name contains invalid characters]
    at responseToError (C:\Users\yuryz\AppData\Roaming\npm\node_modules\firebase-tools\lib\responseToError.js:53:12)
    at RetryOperation._fn (C:\Users\yuryz\AppData\Roaming\npm\node_modules\firebase-tools\lib\apiv2.js:333:77)
    at process.processTicksAndRejections (node:internal/process/task_queues:105:5)
[error] 
[error] Error: Failed to create project. See firebase-debug.log for more info.
